<?xml version="1.0" encoding="UTF-8"?>
<testng-results ignored="0" total="1" passed="1" failed="0" skipped="0">
  <reporter-output>
  </reporter-output>
  <suite started-at="2024-12-17T16:53:36 IST" name="Default suite" finished-at="2024-12-17T16:53:59 IST" duration-ms="22132">
    <groups>
    </groups>
    <test started-at="2024-12-17T16:53:36 IST" name="Default test" finished-at="2024-12-17T16:53:59 IST" duration-ms="22132">
      <class name="Testcases.Loginpage">
        <test-method is-config="true" signature="SetUp()[pri:0, instance:Testcases.Loginpage@77602954]" started-at="2024-12-17T16:53:36 IST" name="SetUp" finished-at="2024-12-17T16:53:47 IST" duration-ms="10173" status="PASS">
          <reporter-output>
          </reporter-output>
        </test-method> <!-- SetUp -->
        <test-method signature="LoginOperation()[pri:1, instance:Testcases.Loginpage@77602954]" started-at="2024-12-17T16:53:47 IST" name="LoginOperation" finished-at="2024-12-17T16:53:56 IST" duration-ms="9848" status="PASS">
          <reporter-output>
          </reporter-output>
        </test-method> <!-- LoginOperation -->
        <test-method is-config="true" signature="tearDown()[pri:0, instance:Testcases.Loginpage@77602954]" started-at="2024-12-17T16:53:56 IST" name="tearDown" finished-at="2024-12-17T16:53:59 IST" duration-ms="2059" status="PASS">
          <reporter-output>
          </reporter-output>
        </test-method> <!-- tearDown -->
      </class> <!-- Testcases.Loginpage -->
    </test> <!-- Default test -->
  </suite> <!-- Default suite -->
</testng-results>
