<?xml version="1.0" encoding="UTF-8"?>
<testng-results ignored="0" total="1" passed="1" failed="0" skipped="0">
  <reporter-output>
  </reporter-output>
  <suite started-at="2023-05-03T17:45:32 IST" name="Suite" finished-at="2023-05-03T17:46:49 IST" duration-ms="76886">
    <groups>
    </groups>
    <test started-at="2023-05-03T17:45:32 IST" name="Test" finished-at="2023-05-03T17:46:49 IST" duration-ms="76886">
      <class name="Testcases.PIMPage">
        <test-method is-config="true" signature="setUp()[pri:0, instance:Testcases.PIMPage@4e5ed836]" started-at="2023-05-03T17:45:33 IST" name="setUp" finished-at="2023-05-03T17:45:40 IST" duration-ms="7400" status="PASS">
          <reporter-output>
          </reporter-output>
        </test-method> <!-- setUp -->
        <test-method signature="Add_Employee1()[pri:0, instance:Testcases.PIMPage@4e5ed836]" started-at="2023-05-03T17:45:40 IST" name="Add_Employee1" finished-at="2023-05-03T17:46:49 IST" duration-ms="68953" status="PASS">
          <reporter-output>
          </reporter-output>
        </test-method> <!-- Add_Employee1 -->
      </class> <!-- Testcases.PIMPage -->
    </test> <!-- Test -->
  </suite> <!-- Suite -->
</testng-results>
