<?xml version="1.0" encoding="UTF-8"?>
<testng-results ignored="0" total="1" passed="1" failed="0" skipped="0">
  <reporter-output>
  </reporter-output>
  <suite started-at="2023-05-08T15:44:34 IST" name="Default suite" finished-at="2023-05-08T15:45:24 IST" duration-ms="49344">
    <groups>
    </groups>
    <test started-at="2023-05-08T15:44:34 IST" name="Default test" finished-at="2023-05-08T15:45:24 IST" duration-ms="49344">
      <class name="Testcases.PIMPage">
        <test-method is-config="true" signature="SetUp()[pri:0, instance:Testcases.PIMPage@2427e004]" started-at="2023-05-08T15:44:35 IST" name="SetUp" finished-at="2023-05-08T15:44:43 IST" duration-ms="8505" status="PASS">
          <reporter-output>
          </reporter-output>
        </test-method> <!-- SetUp -->
        <test-method signature="Add_Employee1()[pri:0, instance:Testcases.PIMPage@2427e004]" started-at="2023-05-08T15:44:43 IST" name="Add_Employee1" finished-at="2023-05-08T15:45:24 IST" duration-ms="40728" status="PASS">
          <reporter-output>
          </reporter-output>
        </test-method> <!-- Add_Employee1 -->
      </class> <!-- Testcases.PIMPage -->
    </test> <!-- Default test -->
  </suite> <!-- Default suite -->
</testng-results>
