<?xml version="1.0" encoding="UTF-8"?>
<testng-results ignored="0" total="5" passed="5" failed="0" skipped="0">
  <reporter-output>
  </reporter-output>
  <suite started-at="2024-06-03T22:30:02 IST" name="Default suite" finished-at="2024-06-03T22:32:28 IST" duration-ms="146433">
    <groups>
    </groups>
    <test started-at="2024-06-03T22:30:02 IST" name="Default test" finished-at="2024-06-03T22:32:28 IST" duration-ms="146433">
      <class name="Testcases.class3">
        <test-method is-config="true" signature="SetUp()[pri:0, instance:Testcases.class3@452e26d0]" started-at="2024-06-03T22:30:02 IST" name="SetUp" finished-at="2024-06-03T22:30:25 IST" duration-ms="23838" status="PASS">
          <reporter-output>
          </reporter-output>
        </test-method> <!-- SetUp -->
        <test-method signature="add_photo()[pri:0, instance:Testcases.class3@452e26d0]" started-at="2024-06-03T22:30:25 IST" name="add_photo" finished-at="2024-06-03T22:30:47 IST" duration-ms="21455" status="PASS">
          <reporter-output>
          </reporter-output>
        </test-method> <!-- add_photo -->
        <test-method is-config="true" signature="tearDown()[pri:0, instance:Testcases.class3@452e26d0]" started-at="2024-06-03T22:30:47 IST" name="tearDown" finished-at="2024-06-03T22:30:47 IST" duration-ms="468" status="PASS">
          <reporter-output>
          </reporter-output>
        </test-method> <!-- tearDown -->
        <test-method is-config="true" signature="SetUp()[pri:0, instance:Testcases.class3@452e26d0]" started-at="2024-06-03T22:30:47 IST" name="SetUp" finished-at="2024-06-03T22:30:57 IST" duration-ms="9822" status="PASS">
          <reporter-output>
          </reporter-output>
        </test-method> <!-- SetUp -->
        <test-method signature="add_photo1()[pri:0, instance:Testcases.class3@452e26d0]" started-at="2024-06-03T22:30:57 IST" name="add_photo1" finished-at="2024-06-03T22:31:14 IST" duration-ms="16917" status="PASS">
          <reporter-output>
          </reporter-output>
        </test-method> <!-- add_photo1 -->
        <test-method is-config="true" signature="tearDown()[pri:0, instance:Testcases.class3@452e26d0]" started-at="2024-06-03T22:31:14 IST" name="tearDown" finished-at="2024-06-03T22:31:15 IST" duration-ms="498" status="PASS">
          <reporter-output>
          </reporter-output>
        </test-method> <!-- tearDown -->
        <test-method is-config="true" signature="SetUp()[pri:0, instance:Testcases.class3@452e26d0]" started-at="2024-06-03T22:31:15 IST" name="SetUp" finished-at="2024-06-03T22:31:23 IST" duration-ms="8078" status="PASS">
          <reporter-output>
          </reporter-output>
        </test-method> <!-- SetUp -->
        <test-method signature="add_photo2()[pri:0, instance:Testcases.class3@452e26d0]" started-at="2024-06-03T22:31:23 IST" name="add_photo2" finished-at="2024-06-03T22:31:38 IST" duration-ms="15487" status="PASS">
          <reporter-output>
          </reporter-output>
        </test-method> <!-- add_photo2 -->
        <test-method is-config="true" signature="tearDown()[pri:0, instance:Testcases.class3@452e26d0]" started-at="2024-06-03T22:31:38 IST" name="tearDown" finished-at="2024-06-03T22:31:39 IST" duration-ms="442" status="PASS">
          <reporter-output>
          </reporter-output>
        </test-method> <!-- tearDown -->
        <test-method is-config="true" signature="SetUp()[pri:0, instance:Testcases.class3@452e26d0]" started-at="2024-06-03T22:31:39 IST" name="SetUp" finished-at="2024-06-03T22:31:46 IST" duration-ms="6975" status="PASS">
          <reporter-output>
          </reporter-output>
        </test-method> <!-- SetUp -->
        <test-method signature="add_photo4()[pri:0, instance:Testcases.class3@452e26d0]" started-at="2024-06-03T22:31:46 IST" name="add_photo4" finished-at="2024-06-03T22:32:03 IST" duration-ms="16988" status="PASS">
          <reporter-output>
          </reporter-output>
        </test-method> <!-- add_photo4 -->
        <test-method is-config="true" signature="tearDown()[pri:0, instance:Testcases.class3@452e26d0]" started-at="2024-06-03T22:32:03 IST" name="tearDown" finished-at="2024-06-03T22:32:03 IST" duration-ms="365" status="PASS">
          <reporter-output>
          </reporter-output>
        </test-method> <!-- tearDown -->
        <test-method is-config="true" signature="SetUp()[pri:0, instance:Testcases.class3@452e26d0]" started-at="2024-06-03T22:32:03 IST" name="SetUp" finished-at="2024-06-03T22:32:12 IST" duration-ms="8703" status="PASS">
          <reporter-output>
          </reporter-output>
        </test-method> <!-- SetUp -->
        <test-method signature="add_photo5()[pri:0, instance:Testcases.class3@452e26d0]" started-at="2024-06-03T22:32:12 IST" name="add_photo5" finished-at="2024-06-03T22:32:28 IST" duration-ms="16044" status="PASS">
          <reporter-output>
          </reporter-output>
        </test-method> <!-- add_photo5 -->
        <test-method is-config="true" signature="tearDown()[pri:0, instance:Testcases.class3@452e26d0]" started-at="2024-06-03T22:32:28 IST" name="tearDown" finished-at="2024-06-03T22:32:28 IST" duration-ms="271" status="PASS">
          <reporter-output>
          </reporter-output>
        </test-method> <!-- tearDown -->
      </class> <!-- Testcases.class3 -->
    </test> <!-- Default test -->
  </suite> <!-- Default suite -->
</testng-results>
