<?xml version="1.0" encoding="UTF-8"?>
<testng-results ignored="0" total="1" passed="1" failed="0" skipped="0">
  <reporter-output>
  </reporter-output>
  <suite started-at="2023-06-01T16:40:35 IST" name="Default suite" finished-at="2023-06-01T16:41:36 IST" duration-ms="60895">
    <groups>
    </groups>
    <test started-at="2023-06-01T16:40:35 IST" name="Default test" finished-at="2023-06-01T16:41:36 IST" duration-ms="60895">
      <class name="Testcases.PIMPage">
        <test-method is-config="true" signature="SetUp()[pri:0, instance:Testcases.PIMPage@63f34b70]" started-at="2023-06-01T16:40:35 IST" name="SetUp" finished-at="2023-06-01T16:40:46 IST" duration-ms="11673" status="PASS">
          <reporter-output>
          </reporter-output>
        </test-method> <!-- SetUp -->
        <test-method signature="Add_Employee1()[pri:0, instance:Testcases.PIMPage@63f34b70]" started-at="2023-06-01T16:40:46 IST" name="Add_Employee1" finished-at="2023-06-01T16:41:30 IST" duration-ms="43401" status="PASS">
          <reporter-output>
          </reporter-output>
        </test-method> <!-- Add_Employee1 -->
        <test-method is-config="true" signature="tearDown()[pri:0, instance:Testcases.PIMPage@63f34b70]" started-at="2023-06-01T16:41:30 IST" name="tearDown" finished-at="2023-06-01T16:41:36 IST" duration-ms="5774" status="PASS">
          <reporter-output>
          </reporter-output>
        </test-method> <!-- tearDown -->
      </class> <!-- Testcases.PIMPage -->
    </test> <!-- Default test -->
  </suite> <!-- Default suite -->
</testng-results>
