<?xml version="1.0" encoding="UTF-8"?>
<testng-results ignored="0" total="2" passed="1" failed="1" skipped="0">
  <reporter-output>
  </reporter-output>
  <suite started-at="2024-07-10T21:25:27 IST" name="Default suite" finished-at="2024-07-10T21:26:26 IST" duration-ms="59059">
    <groups>
    </groups>
    <test started-at="2024-07-10T21:25:27 IST" name="Default test" finished-at="2024-07-10T21:26:26 IST" duration-ms="59059">
      <class name="Testcases.PIMPage">
        <test-method is-config="true" signature="SetUp()[pri:0, instance:Testcases.PIMPage@16afbd92]" started-at="2024-07-10T21:25:27 IST" name="SetUp" finished-at="2024-07-10T21:25:36 IST" duration-ms="9204" status="PASS">
          <reporter-output>
          </reporter-output>
        </test-method> <!-- SetUp -->
        <test-method signature="Add_Employee1()[pri:0, instance:Testcases.PIMPage@16afbd92]" started-at="2024-07-10T21:25:36 IST" name="Add_Employee1" finished-at="2024-07-10T21:25:54 IST" duration-ms="17531" status="FAIL">
          <exception class="java.lang.IllegalStateException">
            <message>
              <![CDATA[Cannot get a STRING value from a NUMERIC cell]]>
            </message>
            <full-stacktrace>
              <![CDATA[java.lang.IllegalStateException: Cannot get a STRING value from a NUMERIC cell
at org.apache.poi.xssf.usermodel.XSSFCell.typeMismatch(XSSFCell.java:984)
at org.apache.poi.xssf.usermodel.XSSFCell.getRichStringCellValue(XSSFCell.java:311)
at org.apache.poi.xssf.usermodel.XSSFCell.getStringCellValue(XSSFCell.java:280)
at Utilities.ReadConfig.ReadExcelData(ReadConfig.java:35)
at Testcases.PIMPage.Add_Employee1(PIMPage.java:40)
at java.base/jdk.internal.reflect.DirectMethodHandleAccessor.invoke(DirectMethodHandleAccessor.java:103)
at java.base/java.lang.reflect.Method.invoke(Method.java:580)
at org.testng.internal.invokers.MethodInvocationHelper.invokeMethod(MethodInvocationHelper.java:141)
at org.testng.internal.invokers.TestInvoker.invokeMethod(TestInvoker.java:686)
at org.testng.internal.invokers.TestInvoker.invokeTestMethod(TestInvoker.java:230)
at org.testng.internal.invokers.MethodRunner.runInSequence(MethodRunner.java:63)
at org.testng.internal.invokers.TestInvoker$MethodInvocationAgent.invoke(TestInvoker.java:992)
at org.testng.internal.invokers.TestInvoker.invokeTestMethods(TestInvoker.java:203)
at org.testng.internal.invokers.TestMethodWorker.invokeTestMethods(TestMethodWorker.java:154)
at org.testng.internal.invokers.TestMethodWorker.run(TestMethodWorker.java:134)
at java.base/java.util.ArrayList.forEach(ArrayList.java:1597)
at org.testng.TestRunner.privateRun(TestRunner.java:739)
at org.testng.TestRunner.run(TestRunner.java:614)
at org.testng.SuiteRunner.runTest(SuiteRunner.java:421)
at org.testng.SuiteRunner.runSequentially(SuiteRunner.java:413)
at org.testng.SuiteRunner.privateRun(SuiteRunner.java:373)
at org.testng.SuiteRunner.run(SuiteRunner.java:312)
at org.testng.SuiteRunnerWorker.runSuite(SuiteRunnerWorker.java:52)
at org.testng.SuiteRunnerWorker.run(SuiteRunnerWorker.java:95)
at org.testng.TestNG.runSuitesSequentially(TestNG.java:1274)
at org.testng.TestNG.runSuitesLocally(TestNG.java:1208)
at org.testng.TestNG.runSuites(TestNG.java:1112)
at org.testng.TestNG.run(TestNG.java:1079)
at org.testng.remote.AbstractRemoteTestNG.run(AbstractRemoteTestNG.java:115)
at org.testng.remote.RemoteTestNG.initAndRun(RemoteTestNG.java:293)
at org.testng.remote.RemoteTestNG.main(RemoteTestNG.java:91)
]]>
            </full-stacktrace>
          </exception> <!-- java.lang.IllegalStateException -->
          <reporter-output>
          </reporter-output>
        </test-method> <!-- Add_Employee1 -->
        <test-method is-config="true" signature="tearDown()[pri:0, instance:Testcases.PIMPage@16afbd92]" started-at="2024-07-10T21:25:54 IST" name="tearDown" finished-at="2024-07-10T21:25:54 IST" duration-ms="213" status="PASS">
          <reporter-output>
          </reporter-output>
        </test-method> <!-- tearDown -->
        <test-method is-config="true" signature="SetUp()[pri:0, instance:Testcases.PIMPage@16afbd92]" started-at="2024-07-10T21:25:54 IST" name="SetUp" finished-at="2024-07-10T21:26:00 IST" duration-ms="6037" status="PASS">
          <reporter-output>
          </reporter-output>
        </test-method> <!-- SetUp -->
        <test-method signature="Search_Employee1()[pri:0, instance:Testcases.PIMPage@16afbd92]" started-at="2024-07-10T21:26:00 IST" name="Search_Employee1" finished-at="2024-07-10T21:26:26 IST" duration-ms="25782" status="PASS">
          <reporter-output>
          </reporter-output>
        </test-method> <!-- Search_Employee1 -->
        <test-method is-config="true" signature="tearDown()[pri:0, instance:Testcases.PIMPage@16afbd92]" started-at="2024-07-10T21:26:26 IST" name="tearDown" finished-at="2024-07-10T21:26:26 IST" duration-ms="237" status="PASS">
          <reporter-output>
          </reporter-output>
        </test-method> <!-- tearDown -->
      </class> <!-- Testcases.PIMPage -->
    </test> <!-- Default test -->
  </suite> <!-- Default suite -->
</testng-results>
