<?xml version="1.0" encoding="UTF-8"?>
<testng-results ignored="0" total="1" passed="1" failed="0" skipped="0">
  <reporter-output>
  </reporter-output>
  <suite started-at="2025-04-23T22:24:51 IST" name="Default suite" finished-at="2025-04-23T22:25:09 IST" duration-ms="18507">
    <groups>
    </groups>
    <test started-at="2025-04-23T22:24:51 IST" name="Default test" finished-at="2025-04-23T22:25:09 IST" duration-ms="18507">
      <class name="Testcases.Loginpage">
        <test-method is-config="true" signature="SetUp()[pri:0, instance:Testcases.Loginpage@4e517165]" started-at="2025-04-23T22:24:51 IST" name="SetUp" finished-at="2025-04-23T22:24:56 IST" duration-ms="5669" status="PASS">
          <reporter-output>
          </reporter-output>
        </test-method> <!-- SetUp -->
        <test-method signature="LoginOperation()[pri:1, instance:Testcases.Loginpage@4e517165]" started-at="2025-04-23T22:24:56 IST" name="LoginOperation" finished-at="2025-04-23T22:25:09 IST" duration-ms="12453" status="PASS">
          <reporter-output>
          </reporter-output>
        </test-method> <!-- LoginOperation -->
        <test-method is-config="true" signature="tearDown()[pri:0, instance:Testcases.Loginpage@4e517165]" started-at="2025-04-23T22:25:09 IST" name="tearDown" finished-at="2025-04-23T22:25:09 IST" duration-ms="342" status="PASS">
          <reporter-output>
          </reporter-output>
        </test-method> <!-- tearDown -->
      </class> <!-- Testcases.Loginpage -->
    </test> <!-- Default test -->
  </suite> <!-- Default suite -->
</testng-results>
