<?xml version="1.0" encoding="UTF-8"?>
<testng-results ignored="0" total="2" passed="2" failed="0" skipped="0">
  <reporter-output>
  </reporter-output>
  <suite started-at="2026-03-19T20:17:20 IST" name="Default suite" finished-at="2026-03-19T20:19:10 IST" duration-ms="109866">
    <groups>
    </groups>
    <test started-at="2026-03-19T20:17:20 IST" name="Default test" finished-at="2026-03-19T20:19:10 IST" duration-ms="109866">
      <class name="Testcases.PIMPage">
        <test-method is-config="true" signature="SetUp()[pri:0, instance:Testcases.PIMPage@24d09c1]" started-at="2026-03-19T20:17:20 IST" name="SetUp" finished-at="2026-03-19T20:17:29 IST" duration-ms="9648" status="PASS">
          <reporter-output>
          </reporter-output>
        </test-method> <!-- SetUp -->
        <test-method signature="Add_Employee1()[pri:0, instance:Testcases.PIMPage@24d09c1]" started-at="2026-03-19T20:17:29 IST" name="Add_Employee1" finished-at="2026-03-19T20:18:13 IST" duration-ms="43875" status="PASS">
          <reporter-output>
          </reporter-output>
        </test-method> <!-- Add_Employee1 -->
        <test-method is-config="true" signature="tearDown()[pri:0, instance:Testcases.PIMPage@24d09c1]" started-at="2026-03-19T20:18:13 IST" name="tearDown" finished-at="2026-03-19T20:18:15 IST" duration-ms="1430" status="PASS">
          <reporter-output>
          </reporter-output>
        </test-method> <!-- tearDown -->
        <test-method is-config="true" signature="SetUp()[pri:0, instance:Testcases.PIMPage@24d09c1]" started-at="2026-03-19T20:18:15 IST" name="SetUp" finished-at="2026-03-19T20:18:26 IST" duration-ms="11777" status="PASS">
          <reporter-output>
          </reporter-output>
        </test-method> <!-- SetUp -->
        <test-method signature="Search_Employee1()[pri:0, instance:Testcases.PIMPage@24d09c1]" started-at="2026-03-19T20:18:26 IST" name="Search_Employee1" finished-at="2026-03-19T20:19:07 IST" duration-ms="40775" status="PASS">
          <reporter-output>
          </reporter-output>
        </test-method> <!-- Search_Employee1 -->
        <test-method is-config="true" signature="tearDown()[pri:0, instance:Testcases.PIMPage@24d09c1]" started-at="2026-03-19T20:19:07 IST" name="tearDown" finished-at="2026-03-19T20:19:10 IST" duration-ms="2302" status="PASS">
          <reporter-output>
          </reporter-output>
        </test-method> <!-- tearDown -->
      </class> <!-- Testcases.PIMPage -->
    </test> <!-- Default test -->
  </suite> <!-- Default suite -->
</testng-results>
