<?xml version="1.0" encoding="UTF-8"?>
<testng-results ignored="0" total="2" passed="2" failed="0" skipped="0">
  <reporter-output>
  </reporter-output>
  <suite started-at="2024-06-09T13:38:18 IST" name="Default suite" finished-at="2024-06-09T13:40:50 IST" duration-ms="152004">
    <groups>
    </groups>
    <test started-at="2024-06-09T13:38:18 IST" name="Default test" finished-at="2024-06-09T13:40:50 IST" duration-ms="152004">
      <class name="Testcases.Loginpage">
        <test-method is-config="true" signature="SetUp()[pri:0, instance:Testcases.Loginpage@6cc0bcf6]" started-at="2024-06-09T13:38:18 IST" name="SetUp" finished-at="2024-06-09T13:38:40 IST" duration-ms="21140" status="PASS">
          <reporter-output>
          </reporter-output>
        </test-method> <!-- SetUp -->
        <test-method signature="LoginOperation()[pri:1, instance:Testcases.Loginpage@6cc0bcf6]" started-at="2024-06-09T13:38:40 IST" name="LoginOperation" finished-at="2024-06-09T13:38:48 IST" duration-ms="8202" status="PASS">
          <reporter-output>
          </reporter-output>
        </test-method> <!-- LoginOperation -->
        <test-method is-config="true" signature="tearDown()[pri:0, instance:Testcases.Loginpage@6cc0bcf6]" started-at="2024-06-09T13:38:48 IST" name="tearDown" finished-at="2024-06-09T13:38:48 IST" duration-ms="211" status="PASS">
          <reporter-output>
          </reporter-output>
        </test-method> <!-- tearDown -->
        <test-method is-config="true" signature="SetUp()[pri:0, instance:Testcases.Loginpage@6cc0bcf6]" started-at="2024-06-09T13:38:48 IST" name="SetUp" finished-at="2024-06-09T13:38:59 IST" duration-ms="10790" status="PASS">
          <reporter-output>
          </reporter-output>
        </test-method> <!-- SetUp -->
        <test-method signature="Invaild_Login()[pri:2, instance:Testcases.Loginpage@6cc0bcf6]" started-at="2024-06-09T13:38:59 IST" name="Invaild_Login" finished-at="2024-06-09T13:40:50 IST" duration-ms="111378" status="PASS">
          <reporter-output>
          </reporter-output>
        </test-method> <!-- Invaild_Login -->
        <test-method is-config="true" signature="tearDown()[pri:0, instance:Testcases.Loginpage@6cc0bcf6]" started-at="2024-06-09T13:40:50 IST" name="tearDown" finished-at="2024-06-09T13:40:50 IST" duration-ms="242" status="PASS">
          <reporter-output>
          </reporter-output>
        </test-method> <!-- tearDown -->
      </class> <!-- Testcases.Loginpage -->
    </test> <!-- Default test -->
  </suite> <!-- Default suite -->
</testng-results>
