<?xml version="1.0" encoding="UTF-8"?>
<testng-results ignored="0" total="1" passed="1" failed="0" skipped="0">
  <reporter-output>
  </reporter-output>
  <suite started-at="2026-03-24T22:25:26 IST" name="Default suite" finished-at="2026-03-24T22:26:03 IST" duration-ms="37162">
    <groups>
    </groups>
    <test started-at="2026-03-24T22:25:26 IST" name="Default test" finished-at="2026-03-24T22:26:03 IST" duration-ms="37162">
      <class name="Testcases.Loginpage">
        <test-method is-config="true" signature="SetUp()[pri:0, instance:Testcases.Loginpage@1338fb5]" started-at="2026-03-24T22:25:26 IST" name="SetUp" finished-at="2026-03-24T22:25:32 IST" duration-ms="6519" status="PASS">
          <reporter-output>
          </reporter-output>
        </test-method> <!-- SetUp -->
        <test-method signature="Invaild_Login()[pri:2, instance:Testcases.Loginpage@1338fb5]" started-at="2026-03-24T22:25:32 IST" name="Invaild_Login" description="Invaild_Login" finished-at="2026-03-24T22:26:03 IST" duration-ms="30272" status="PASS">
          <reporter-output>
          </reporter-output>
        </test-method> <!-- Invaild_Login -->
        <test-method is-config="true" signature="tearDown()[pri:0, instance:Testcases.Loginpage@1338fb5]" started-at="2026-03-24T22:26:03 IST" name="tearDown" finished-at="2026-03-24T22:26:03 IST" duration-ms="324" status="PASS">
          <reporter-output>
          </reporter-output>
        </test-method> <!-- tearDown -->
      </class> <!-- Testcases.Loginpage -->
    </test> <!-- Default test -->
  </suite> <!-- Default suite -->
</testng-results>
