<?xml version="1.0" encoding="UTF-8"?>
<testng-results ignored="0" total="1" passed="1" failed="0" skipped="0">
  <reporter-output>
  </reporter-output>
  <suite started-at="2024-06-10T23:58:59 IST" name="Default suite" finished-at="2024-06-10T23:59:13 IST" duration-ms="13667">
    <groups>
    </groups>
    <test started-at="2024-06-10T23:58:59 IST" name="Default test" finished-at="2024-06-10T23:59:13 IST" duration-ms="13667">
      <class name="Testcases.BuzzPage">
        <test-method is-config="true" signature="SetUp()[pri:0, instance:Testcases.BuzzPage@4c36250e]" started-at="2024-06-10T23:58:59 IST" name="SetUp" finished-at="2024-06-10T23:59:05 IST" duration-ms="5813" status="PASS">
          <reporter-output>
          </reporter-output>
        </test-method> <!-- SetUp -->
        <test-method signature="Shearpost()[pri:0, instance:Testcases.BuzzPage@4c36250e]" started-at="2024-06-10T23:59:05 IST" name="Shearpost" finished-at="2024-06-10T23:59:13 IST" duration-ms="7519" status="PASS">
          <reporter-output>
          </reporter-output>
        </test-method> <!-- Shearpost -->
        <test-method is-config="true" signature="tearDown()[pri:0, instance:Testcases.BuzzPage@4c36250e]" started-at="2024-06-10T23:59:13 IST" name="tearDown" finished-at="2024-06-10T23:59:13 IST" duration-ms="300" status="PASS">
          <reporter-output>
          </reporter-output>
        </test-method> <!-- tearDown -->
      </class> <!-- Testcases.BuzzPage -->
    </test> <!-- Default test -->
  </suite> <!-- Default suite -->
</testng-results>
