<?xml version="1.0" encoding="UTF-8"?>
<testng-results ignored="0" total="2" passed="2" failed="0" skipped="0">
  <reporter-output>
  </reporter-output>
  <suite started-at="2024-06-17T21:51:35 IST" name="Default suite" finished-at="2024-06-17T21:54:03 IST" duration-ms="148097">
    <groups>
    </groups>
    <test started-at="2024-06-17T21:51:35 IST" name="Default test" finished-at="2024-06-17T21:54:03 IST" duration-ms="148097">
      <class name="Testcases.Loginpage">
        <test-method is-config="true" signature="SetUp()[pri:0, instance:Testcases.Loginpage@226f885f]" started-at="2024-06-17T21:51:35 IST" name="SetUp" finished-at="2024-06-17T21:51:45 IST" duration-ms="9570" status="PASS">
          <reporter-output>
          </reporter-output>
        </test-method> <!-- SetUp -->
        <test-method signature="LoginOperation()[pri:1, instance:Testcases.Loginpage@226f885f]" started-at="2024-06-17T21:51:45 IST" name="LoginOperation" finished-at="2024-06-17T21:51:53 IST" duration-ms="8063" status="PASS">
          <reporter-output>
          </reporter-output>
        </test-method> <!-- LoginOperation -->
        <test-method is-config="true" signature="tearDown()[pri:0, instance:Testcases.Loginpage@226f885f]" started-at="2024-06-17T21:51:53 IST" name="tearDown" finished-at="2024-06-17T21:51:53 IST" duration-ms="210" status="PASS">
          <reporter-output>
          </reporter-output>
        </test-method> <!-- tearDown -->
        <test-method is-config="true" signature="SetUp()[pri:0, instance:Testcases.Loginpage@226f885f]" started-at="2024-06-17T21:51:53 IST" name="SetUp" finished-at="2024-06-17T21:52:07 IST" duration-ms="14182" status="PASS">
          <reporter-output>
          </reporter-output>
        </test-method> <!-- SetUp -->
        <test-method signature="Invaild_Login()[pri:2, instance:Testcases.Loginpage@226f885f]" started-at="2024-06-17T21:52:07 IST" name="Invaild_Login" finished-at="2024-06-17T21:54:03 IST" duration-ms="115762" status="PASS">
          <reporter-output>
          </reporter-output>
        </test-method> <!-- Invaild_Login -->
        <test-method is-config="true" signature="tearDown()[pri:0, instance:Testcases.Loginpage@226f885f]" started-at="2024-06-17T21:54:03 IST" name="tearDown" finished-at="2024-06-17T21:54:03 IST" duration-ms="263" status="PASS">
          <reporter-output>
          </reporter-output>
        </test-method> <!-- tearDown -->
      </class> <!-- Testcases.Loginpage -->
    </test> <!-- Default test -->
  </suite> <!-- Default suite -->
</testng-results>
