<?xml version="1.0" encoding="UTF-8"?>
<testng-results ignored="0" total="3" passed="3" failed="0" skipped="0">
  <reporter-output>
  </reporter-output>
  <suite started-at="2026-02-27T22:36:47 IST" name="Failed suite [Suite]" finished-at="2026-02-27T22:42:20 IST" duration-ms="333294">
    <groups>
    </groups>
    <test started-at="2026-02-27T22:36:47 IST" name="Test1(failed)" finished-at="2026-02-27T22:39:40 IST" duration-ms="173175">
      <class name="Testcases.Loginpage">
        <test-method is-config="true" signature="SetUp(java.lang.String)[pri:0, instance:Testcases.Loginpage@1d2bd371]" started-at="2026-02-27T22:36:47 IST" name="SetUp" finished-at="2026-02-27T22:37:05 IST" duration-ms="17839" status="PASS">
          <params>
            <param index="0">
              <value>
                <![CDATA[firefox]]>
              </value>
            </param>
          </params>
          <reporter-output>
          </reporter-output>
        </test-method> <!-- SetUp -->
        <test-method signature="Invaild_Login()[pri:2, instance:Testcases.Loginpage@1d2bd371]" started-at="2026-02-27T22:37:05 IST" name="Invaild_Login" finished-at="2026-02-27T22:39:38 IST" duration-ms="152774" status="PASS">
          <reporter-output>
          </reporter-output>
        </test-method> <!-- Invaild_Login -->
        <test-method is-config="true" signature="tearDown()[pri:0, instance:Testcases.Loginpage@1d2bd371]" started-at="2026-02-27T22:39:38 IST" name="tearDown" finished-at="2026-02-27T22:39:40 IST" duration-ms="1923" status="PASS">
          <reporter-output>
          </reporter-output>
        </test-method> <!-- tearDown -->
      </class> <!-- Testcases.Loginpage -->
    </test> <!-- Test1(failed) -->
    <test started-at="2026-02-27T22:36:47 IST" name="Test(failed)" finished-at="2026-02-27T22:39:46 IST" duration-ms="179055">
      <class name="Testcases.Loginpage">
        <test-method is-config="true" signature="SetUp(java.lang.String)[pri:0, instance:Testcases.Loginpage@56113384]" started-at="2026-02-27T22:36:47 IST" name="SetUp" finished-at="2026-02-27T22:37:00 IST" duration-ms="12878" status="PASS">
          <params>
            <param index="0">
              <value>
                <![CDATA[chrome]]>
              </value>
            </param>
          </params>
          <reporter-output>
          </reporter-output>
        </test-method> <!-- SetUp -->
        <test-method signature="Invaild_Login()[pri:2, instance:Testcases.Loginpage@56113384]" started-at="2026-02-27T22:37:00 IST" name="Invaild_Login" finished-at="2026-02-27T22:39:45 IST" duration-ms="164855" status="PASS">
          <reporter-output>
          </reporter-output>
        </test-method> <!-- Invaild_Login -->
        <test-method is-config="true" signature="tearDown()[pri:0, instance:Testcases.Loginpage@56113384]" started-at="2026-02-27T22:39:45 IST" name="tearDown" finished-at="2026-02-27T22:39:46 IST" duration-ms="711" status="PASS">
          <reporter-output>
          </reporter-output>
        </test-method> <!-- tearDown -->
      </class> <!-- Testcases.Loginpage -->
    </test> <!-- Test(failed) -->
    <test started-at="2026-02-27T22:39:41 IST" name="Test2(failed)" finished-at="2026-02-27T22:42:20 IST" duration-ms="159063">
      <class name="Testcases.Loginpage">
        <test-method is-config="true" signature="SetUp(java.lang.String)[pri:0, instance:Testcases.Loginpage@65fe9e33]" started-at="2026-02-27T22:39:41 IST" name="SetUp" finished-at="2026-02-27T22:39:54 IST" duration-ms="13174" status="PASS">
          <params>
            <param index="0">
              <value>
                <![CDATA[edge]]>
              </value>
            </param>
          </params>
          <reporter-output>
          </reporter-output>
        </test-method> <!-- SetUp -->
        <test-method signature="Invaild_Login()[pri:2, instance:Testcases.Loginpage@65fe9e33]" started-at="2026-02-27T22:39:54 IST" name="Invaild_Login" finished-at="2026-02-27T22:42:19 IST" duration-ms="145236" status="PASS">
          <reporter-output>
          </reporter-output>
        </test-method> <!-- Invaild_Login -->
        <test-method is-config="true" signature="tearDown()[pri:0, instance:Testcases.Loginpage@65fe9e33]" started-at="2026-02-27T22:42:19 IST" name="tearDown" finished-at="2026-02-27T22:42:20 IST" duration-ms="630" status="PASS">
          <reporter-output>
          </reporter-output>
        </test-method> <!-- tearDown -->
      </class> <!-- Testcases.Loginpage -->
    </test> <!-- Test2(failed) -->
  </suite> <!-- Failed suite [Suite] -->
</testng-results>
