<?xml version="1.0" encoding="UTF-8"?>
<testng-results ignored="0" total="1" passed="1" failed="0" skipped="0">
  <reporter-output>
  </reporter-output>
  <suite started-at="2023-04-15T14:56:44 IST" name="Default suite" finished-at="2023-04-15T14:57:03 IST" duration-ms="19191">
    <groups>
    </groups>
    <test started-at="2023-04-15T14:56:44 IST" name="Default test" finished-at="2023-04-15T14:57:03 IST" duration-ms="19191">
      <class name="Testcases.class3">
        <test-method is-config="true" signature="setUp()[pri:0, instance:Testcases.class3@5884a914]" started-at="2023-04-15T14:56:44 IST" name="setUp" finished-at="2023-04-15T14:56:56 IST" duration-ms="11547" status="PASS">
          <reporter-output>
          </reporter-output>
        </test-method> <!-- setUp -->
        <test-method signature="add_photo()[pri:0, instance:Testcases.class3@5884a914]" started-at="2023-04-15T14:56:56 IST" name="add_photo" finished-at="2023-04-15T14:57:03 IST" duration-ms="7540" status="PASS">
          <reporter-output>
          </reporter-output>
        </test-method> <!-- add_photo -->
      </class> <!-- Testcases.class3 -->
    </test> <!-- Default test -->
  </suite> <!-- Default suite -->
</testng-results>
