<?xml version="1.0" encoding="UTF-8"?>
<testng-results ignored="0" total="1" passed="1" failed="0" skipped="0">
  <reporter-output>
  </reporter-output>
  <suite started-at="2026-01-29T14:55:12 IST" name="Default suite" finished-at="2026-01-29T14:58:05 IST" duration-ms="172383">
    <groups>
    </groups>
    <test started-at="2026-01-29T14:55:12 IST" name="Default test" finished-at="2026-01-29T14:58:05 IST" duration-ms="172383">
      <class name="Testcases.Loginpage">
        <test-method is-config="true" signature="SetUp()[pri:0, instance:Testcases.Loginpage@5ccbeb64]" started-at="2026-01-29T14:55:12 IST" name="SetUp" finished-at="2026-01-29T14:55:23 IST" duration-ms="10662" status="PASS">
          <reporter-output>
          </reporter-output>
        </test-method> <!-- SetUp -->
        <test-method signature="Invaild_Login()[pri:2, instance:Testcases.Loginpage@5ccbeb64]" started-at="2026-01-29T14:55:23 IST" name="Invaild_Login" finished-at="2026-01-29T14:58:04 IST" duration-ms="161166" status="PASS">
          <reporter-output>
          </reporter-output>
        </test-method> <!-- Invaild_Login -->
        <test-method is-config="true" signature="tearDown()[pri:0, instance:Testcases.Loginpage@5ccbeb64]" started-at="2026-01-29T14:58:04 IST" name="tearDown" finished-at="2026-01-29T14:58:05 IST" duration-ms="492" status="PASS">
          <reporter-output>
          </reporter-output>
        </test-method> <!-- tearDown -->
      </class> <!-- Testcases.Loginpage -->
    </test> <!-- Default test -->
  </suite> <!-- Default suite -->
</testng-results>
