<?xml version="1.0" encoding="UTF-8"?>
<testng-results ignored="0" total="2" passed="2" failed="0" skipped="0">
  <reporter-output>
  </reporter-output>
  <suite started-at="2024-06-08T17:06:51 IST" name="Default suite" finished-at="2024-06-08T17:09:08 IST" duration-ms="137553">
    <groups>
    </groups>
    <test started-at="2024-06-08T17:06:51 IST" name="Default test" finished-at="2024-06-08T17:09:08 IST" duration-ms="137553">
      <class name="Testcases.Loginpage">
        <test-method is-config="true" signature="SetUp()[pri:0, instance:Testcases.Loginpage@6cc0bcf6]" started-at="2024-06-08T17:06:51 IST" name="SetUp" finished-at="2024-06-08T17:06:58 IST" duration-ms="6990" status="PASS">
          <reporter-output>
          </reporter-output>
        </test-method> <!-- SetUp -->
        <test-method signature="LoginOperation()[pri:1, instance:Testcases.Loginpage@6cc0bcf6]" started-at="2024-06-08T17:06:58 IST" name="LoginOperation" finished-at="2024-06-08T17:07:07 IST" duration-ms="8839" status="PASS">
          <reporter-output>
          </reporter-output>
        </test-method> <!-- LoginOperation -->
        <test-method is-config="true" signature="tearDown()[pri:0, instance:Testcases.Loginpage@6cc0bcf6]" started-at="2024-06-08T17:07:07 IST" name="tearDown" finished-at="2024-06-08T17:07:07 IST" duration-ms="321" status="PASS">
          <reporter-output>
          </reporter-output>
        </test-method> <!-- tearDown -->
        <test-method is-config="true" signature="SetUp()[pri:0, instance:Testcases.Loginpage@6cc0bcf6]" started-at="2024-06-08T17:07:07 IST" name="SetUp" finished-at="2024-06-08T17:07:13 IST" duration-ms="5953" status="PASS">
          <reporter-output>
          </reporter-output>
        </test-method> <!-- SetUp -->
        <test-method signature="Invaild_Login()[pri:2, instance:Testcases.Loginpage@6cc0bcf6]" started-at="2024-06-08T17:07:13 IST" name="Invaild_Login" finished-at="2024-06-08T17:09:08 IST" duration-ms="115085" status="PASS">
          <reporter-output>
          </reporter-output>
        </test-method> <!-- Invaild_Login -->
        <test-method is-config="true" signature="tearDown()[pri:0, instance:Testcases.Loginpage@6cc0bcf6]" started-at="2024-06-08T17:09:08 IST" name="tearDown" finished-at="2024-06-08T17:09:08 IST" duration-ms="306" status="PASS">
          <reporter-output>
          </reporter-output>
        </test-method> <!-- tearDown -->
      </class> <!-- Testcases.Loginpage -->
    </test> <!-- Default test -->
  </suite> <!-- Default suite -->
</testng-results>
