<?xml version="1.0" encoding="UTF-8"?>
<testng-results ignored="0" total="1" passed="1" failed="0" skipped="0">
  <reporter-output>
  </reporter-output>
  <suite started-at="2026-03-26T19:39:00 IST" name="Default suite" finished-at="2026-03-26T19:39:19 IST" duration-ms="19603">
    <groups>
    </groups>
    <test started-at="2026-03-26T19:39:00 IST" name="Default test" finished-at="2026-03-26T19:39:19 IST" duration-ms="19603">
      <class name="Testcases.TimePage">
        <test-method is-config="true" signature="SetUp()[pri:0, instance:Testcases.TimePage@77a7cf58]" started-at="2026-03-26T19:39:00 IST" name="SetUp" finished-at="2026-03-26T19:39:11 IST" duration-ms="10926" status="PASS">
          <reporter-output>
          </reporter-output>
        </test-method> <!-- SetUp -->
        <test-method signature="e()[pri:0, instance:Testcases.TimePage@77a7cf58]" started-at="2026-03-26T19:39:11 IST" name="e" finished-at="2026-03-26T19:39:19 IST" duration-ms="7929" status="PASS">
          <reporter-output>
          </reporter-output>
        </test-method> <!-- e -->
        <test-method is-config="true" signature="tearDown()[pri:0, instance:Testcases.TimePage@77a7cf58]" started-at="2026-03-26T19:39:19 IST" name="tearDown" finished-at="2026-03-26T19:39:19 IST" duration-ms="691" status="PASS">
          <reporter-output>
          </reporter-output>
        </test-method> <!-- tearDown -->
      </class> <!-- Testcases.TimePage -->
    </test> <!-- Default test -->
  </suite> <!-- Default suite -->
</testng-results>
