<?xml version="1.0" encoding="UTF-8"?>
<testng-results ignored="0" total="1" passed="1" failed="0" skipped="0">
  <reporter-output>
  </reporter-output>
  <suite started-at="2024-07-26T11:14:44 IST" name="Default suite" finished-at="2024-07-26T11:14:44 IST" duration-ms="74">
    <groups>
    </groups>
    <test started-at="2024-07-26T11:14:44 IST" name="Default test" finished-at="2024-07-26T11:14:44 IST" duration-ms="74">
      <class name="Testcases.Baseclass">
        <test-method signature="getreportfilename()[pri:0, instance:Testcases.Baseclass@7d61eccf]" started-at="2024-07-26T11:14:44 IST" name="getreportfilename" finished-at="2024-07-26T11:14:44 IST" duration-ms="16" status="PASS">
          <reporter-output>
          </reporter-output>
        </test-method> <!-- getreportfilename -->
      </class> <!-- Testcases.Baseclass -->
    </test> <!-- Default test -->
  </suite> <!-- Default suite -->
</testng-results>
