<?xml version="1.0" encoding="UTF-8"?>
<testng-results ignored="0" total="2" passed="2" failed="0" skipped="0">
  <reporter-output>
  </reporter-output>
  <suite started-at="2024-06-12T22:57:54 IST" name="Default suite" finished-at="2024-06-12T22:58:30 IST" duration-ms="36255">
    <groups>
    </groups>
    <test started-at="2024-06-12T22:57:54 IST" name="Default test" finished-at="2024-06-12T22:58:30 IST" duration-ms="36255">
      <class name="Testcases.BuzzPage">
        <test-method is-config="true" signature="SetUp()[pri:0, instance:Testcases.BuzzPage@21526f6c]" started-at="2024-06-12T22:57:54 IST" name="SetUp" finished-at="2024-06-12T22:57:58 IST" duration-ms="4551" status="PASS">
          <reporter-output>
          </reporter-output>
        </test-method> <!-- SetUp -->
        <test-method signature="Shearpost()[pri:0, instance:Testcases.BuzzPage@21526f6c]" started-at="2024-06-12T22:57:58 IST" name="Shearpost" finished-at="2024-06-12T22:58:14 IST" duration-ms="15899" status="PASS">
          <reporter-output>
          </reporter-output>
        </test-method> <!-- Shearpost -->
        <test-method is-config="true" signature="tearDown()[pri:0, instance:Testcases.BuzzPage@21526f6c]" started-at="2024-06-12T22:58:14 IST" name="tearDown" finished-at="2024-06-12T22:58:14 IST" duration-ms="293" status="PASS">
          <reporter-output>
          </reporter-output>
        </test-method> <!-- tearDown -->
        <test-method is-config="true" signature="SetUp()[pri:0, instance:Testcases.BuzzPage@21526f6c]" started-at="2024-06-12T22:58:14 IST" name="SetUp" finished-at="2024-06-12T22:58:18 IST" duration-ms="3495" status="PASS">
          <reporter-output>
          </reporter-output>
        </test-method> <!-- SetUp -->
        <test-method signature="View_Most_Liked_Post()[pri:0, instance:Testcases.BuzzPage@21526f6c]" started-at="2024-06-12T22:58:18 IST" name="View_Most_Liked_Post" finished-at="2024-06-12T22:58:30 IST" duration-ms="11686" status="PASS">
          <reporter-output>
          </reporter-output>
        </test-method> <!-- View_Most_Liked_Post -->
        <test-method is-config="true" signature="tearDown()[pri:0, instance:Testcases.BuzzPage@21526f6c]" started-at="2024-06-12T22:58:30 IST" name="tearDown" finished-at="2024-06-12T22:58:30 IST" duration-ms="294" status="PASS">
          <reporter-output>
          </reporter-output>
        </test-method> <!-- tearDown -->
      </class> <!-- Testcases.BuzzPage -->
    </test> <!-- Default test -->
  </suite> <!-- Default suite -->
</testng-results>
