<?xml version="1.0" encoding="UTF-8"?>
<!-- Generated by org.testng.reporters.JUnitXMLReporter -->
<testsuite ignored="0" hostname="LAPTOP-3UOIG6JH" failures="1" tests="2" name="Test2" time="86.066" errors="0" timestamp="2026-03-19T23:12:56 IST">
  <testcase classname="Testcases.PIMPage" name="Add_Employee1" time="30.523">
    <failure type="org.openqa.selenium.TimeoutException" message="Expected condition failed: waiting for visibility of element found by By.xpath: //div[@id=&amp;apos;oxd-toaster_1&amp;apos;]
(tried for 10 seconds with 500 milliseconds interval)
Build info: version: &amp;apos;4.41.0&amp;apos;, revision: &amp;apos;9fc754f&amp;apos;
System info: os.name: &amp;apos;Windows 11&amp;apos;, os.arch: &amp;apos;amd64&amp;apos;, os.version: &amp;apos;10.0&amp;apos;, java.version: &amp;apos;17.0.6&amp;apos;
Driver info: org.openqa.selenium.edge.EdgeDriver
Capabilities {acceptInsecureCerts: false, browserName: MicrosoftEdge, browserVersion: 146.0.3856.62, fedcm:accounts: true, goog:processID: 62672, ms:edgeOptions: {debuggerAddress: localhost:50889}, msedge: {msedgedriverVersion: 146.0.3856.62 (f2c63c965af6..., userDataDir: C:\Users\mbkol\AppData\Loca...}, networkConnectionEnabled: false, pageLoadStrategy: normal, platformName: windows, proxy: Proxy(), se:cdp: ws://localhost:50889/devtoo..., se:cdpVersion: 146.0.3856.62, setWindowRect: true, strictFileInteractability: false, timeouts: {implicit: 0, pageLoad: 300000, script: 30000}, unhandledPromptBehavior: dismiss and notify, webauthn:extension:credBlob: true, webauthn:extension:largeBlob: true, webauthn:extension:minPinLength: true, webauthn:extension:prf: true, webauthn:virtualAuthenticators: true}
Session ID: 8d4b83d25645cdfada18e4e2d089e03c">
      <![CDATA[org.openqa.selenium.TimeoutException: Expected condition failed: waiting for visibility of element found by By.xpath: //div[@id='oxd-toaster_1']
(tried for 10 seconds with 500 milliseconds interval)
Build info: version: '4.41.0', revision: '9fc754f'
System info: os.name: 'Windows 11', os.arch: 'amd64', os.version: '10.0', java.version: '17.0.6'
Driver info: org.openqa.selenium.edge.EdgeDriver
Capabilities {acceptInsecureCerts: false, browserName: MicrosoftEdge, browserVersion: 146.0.3856.62, fedcm:accounts: true, goog:processID: 62672, ms:edgeOptions: {debuggerAddress: localhost:50889}, msedge: {msedgedriverVersion: 146.0.3856.62 (f2c63c965af6..., userDataDir: C:\Users\mbkol\AppData\Loca...}, networkConnectionEnabled: false, pageLoadStrategy: normal, platformName: windows, proxy: Proxy(), se:cdp: ws://localhost:50889/devtoo..., se:cdpVersion: 146.0.3856.62, setWindowRect: true, strictFileInteractability: false, timeouts: {implicit: 0, pageLoad: 300000, script: 30000}, unhandledPromptBehavior: dismiss and notify, webauthn:extension:credBlob: true, webauthn:extension:largeBlob: true, webauthn:extension:minPinLength: true, webauthn:extension:prf: true, webauthn:virtualAuthenticators: true}
Session ID: 8d4b83d25645cdfada18e4e2d089e03c
at org.openqa.selenium.support.ui.WebDriverWait.timeoutException(WebDriverWait.java:85)
at org.openqa.selenium.support.ui.FluentWait.until(FluentWait.java:233)
at Testcases.PIMPage.Add_Employee1(PIMPage.java:54)
at java.base/java.util.ArrayList.forEach(ArrayList.java:1511)
at java.base/java.util.concurrent.FutureTask.run(FutureTask.java:264)
at java.base/java.util.concurrent.ThreadPoolExecutor.runWorker(ThreadPoolExecutor.java:1136)
at java.base/java.util.concurrent.ThreadPoolExecutor$Worker.run(ThreadPoolExecutor.java:635)
at java.base/java.lang.Thread.run(Thread.java:833)
... Removed 17 stack frames]]>
    </failure>
  </testcase> <!-- Add_Employee1 -->
  <testcase classname="Testcases.PIMPage" name="Search_Employee1" time="36.694"/>
</testsuite> <!-- Test2 -->
