<?xml version="1.0" encoding="UTF-8"?>
<!-- Generated by org.testng.reporters.JUnitReportReporter -->
<testsuite hostname="LAPTOP-3UOIG6JH" failures="0" tests="2" name="Testcases.Loginpage" time="228.899" errors="0" timestamp="2023-05-31T11:28:23 IST" skipped="0">
  <testcase classname="Testcases.Loginpage" name="LoginOperation" time="28.425"/>
  <system-out/>
  <testcase classname="Testcases.Loginpage" name="Invaild_Login" time="200.474"/>
  <system-out/>
</testsuite> <!-- Testcases.Loginpage -->
