<?xml version="1.0" encoding="UTF-8"?>
<!-- Generated by org.testng.reporters.JUnitReportReporter -->
<testsuite hostname="LAPTOP-3UOIG6JH" failures="0" tests="2" name="Testcases.Loginpage" time="244.258" errors="0" timestamp="2023-06-19T10:01:58 IST" skipped="0">
  <testcase classname="Testcases.Loginpage" name="Invaild_Login" time="212.200"/>
  <system-out/>
  <testcase classname="Testcases.Loginpage" name="LoginOperation" time="32.058"/>
  <system-out/>
</testsuite> <!-- Testcases.Loginpage -->
