<?xml version="1.0" encoding="UTF-8"?>
<!-- Generated by org.testng.reporters.JUnitReportReporter -->
<testsuite hostname="LAPTOP-3UOIG6JH" failures="0" tests="3" name="Testcases.Loginpage" time="510.020" errors="0" timestamp="2026-02-27T22:42:20 IST" skipped="0">
  <testcase classname="Testcases.Loginpage" name="Invaild_Login" time="178.444"/>
  <testcase classname="Testcases.Loginpage" name="Invaild_Login" time="172.536"/>
  <testcase classname="Testcases.Loginpage" name="Invaild_Login" time="159.040"/>
</testsuite> <!-- Testcases.Loginpage -->
