<?xml version="1.0" encoding="UTF-8"?>
<!-- Generated by org.testng.reporters.JUnitReportReporter -->
<testsuite hostname="LAPTOP-3UOIG6JH" failures="0" tests="3" name="Testcases.Loginpage" time="168.788" errors="0" timestamp="2023-05-11T10:21:37 IST" skipped="0">
  <testcase classname="Testcases.Loginpage" name="Invaild_Login" time="133.486"/>
  <system-out/>
  <testcase classname="Testcases.Loginpage" name="LoginOperation" time="17.531"/>
  <system-out/>
  <testcase classname="Testcases.Loginpage" name="FailLogin" time="17.771"/>
  <system-out/>
</testsuite> <!-- Testcases.Loginpage -->
