<?xml version="1.0" encoding="UTF-8"?>
<!-- Generated by org.testng.reporters.JUnitReportReporter -->
<testsuite hostname="LAPTOP-3UOIG6JH" failures="0" tests="2" name="Testcases.Loginpage" time="232.530" errors="0" timestamp="2023-06-14T18:00:19 IST" skipped="0">
  <testcase classname="Testcases.Loginpage" name="LoginOperation" time="31.332"/>
  <system-out/>
  <testcase classname="Testcases.Loginpage" name="Invaild_Login" time="201.198"/>
  <system-out/>
</testsuite> <!-- Testcases.Loginpage -->
