<?xml version="1.0" encoding="UTF-8"?>
<!-- Generated by org.testng.reporters.JUnitReportReporter -->
<testsuite hostname="LAPTOP-3UOIG6JH" failures="0" tests="5" name="Testcases.class3" time="167.555" errors="0" timestamp="2023-06-06T10:47:55 IST" skipped="0">
  <testcase classname="Testcases.class3" name="add_photo5" time="38.976"/>
  <system-out/>
  <testcase classname="Testcases.class3" name="add_photo2" time="31.227"/>
  <system-out/>
  <testcase classname="Testcases.class3" name="add_photo" time="34.712"/>
  <system-out/>
  <testcase classname="Testcases.class3" name="add_photo1" time="31.255"/>
  <system-out/>
  <testcase classname="Testcases.class3" name="add_photo4" time="31.385"/>
  <system-out/>
</testsuite> <!-- Testcases.class3 -->
