<?xml version="1.0" encoding="UTF-8"?>
<!-- Generated by org.testng.reporters.JUnitXMLReporter -->
<testsuite ignored="0" hostname="LAPTOP-3UOIG6JH" failures="0" tests="5" name="Default test" time="119.352" errors="0" timestamp="2024-06-09T17:08:48 IST">
  <testcase classname="Testcases.class3" name="add_photo" time="15.033"/>
  <testcase classname="Testcases.class3" name="add_photo1" time="14.371"/>
  <testcase classname="Testcases.class3" name="add_photo2" time="14.963"/>
  <testcase classname="Testcases.class3" name="add_photo4" time="13.906"/>
  <testcase classname="Testcases.class3" name="add_photo5" time="15.224"/>
</testsuite> <!-- Default test -->
