<?xml version="1.0" encoding="UTF-8"?>
<!-- Generated by org.testng.reporters.JUnitXMLReporter -->
<testsuite ignored="0" hostname="LAPTOP-3UOIG6JH" failures="0" tests="5" name="Default test" time="146.433" errors="0" timestamp="2024-06-03T22:32:28 IST">
  <testcase classname="Testcases.class3" name="add_photo" time="21.455"/>
  <testcase classname="Testcases.class3" name="add_photo1" time="16.917"/>
  <testcase classname="Testcases.class3" name="add_photo2" time="15.487"/>
  <testcase classname="Testcases.class3" name="add_photo4" time="16.988"/>
  <testcase classname="Testcases.class3" name="add_photo5" time="16.044"/>
</testsuite> <!-- Default test -->
