<?xml version="1.0" encoding="UTF-8"?>
<!-- Generated by org.testng.reporters.JUnitXMLReporter -->
<testsuite ignored="0" hostname="LAPTOP-3UOIG6JH" failures="0" tests="3" name="Default test" time="163.864" errors="0" timestamp="2023-05-10T18:06:45 IST">
  <testcase classname="Testcases.Loginpage" name="FailLogin" time="12.983"/>
  <testcase classname="Testcases.Loginpage" name="Invaild_Login" time="125.059"/>
  <testcase classname="Testcases.Loginpage" name="LoginOperation" time="12.235"/>
</testsuite> <!-- Default test -->
