<?xml version="1.0" encoding="UTF-8"?>
<!-- Generated by org.testng.reporters.JUnitXMLReporter -->
<testsuite ignored="4" hostname="LAPTOP-3UOIG6JH" failures="0" tests="1" name="Default test" time="41.721" errors="0" timestamp="2023-04-17T11:00:37 IST">
  <testcase classname="Testcases.class3" name="add_photo5" time="13.04"/>
  <testcase classname="Testcases.class3" name="add_photo2" time="0.0">
    <ignored/>
  </testcase> <!-- add_photo2 -->
  <testcase classname="Testcases.class3" name="add_photo4" time="0.0">
    <ignored/>
  </testcase> <!-- add_photo4 -->
  <testcase classname="Testcases.class3" name="add_photo" time="0.0">
    <ignored/>
  </testcase> <!-- add_photo -->
  <testcase classname="Testcases.class3" name="add_photo1" time="0.0">
    <ignored/>
  </testcase> <!-- add_photo1 -->
</testsuite> <!-- Default test -->
